19-12-12 18:39:42.1560519 pid:13804 tid:1 sqltools Critical: 0 : An unhandled exception occurred: System.Reflection.ReflectionTypeLoadException: Unable to load one or more of the requested types.













   at System.Reflection.RuntimeModule.GetTypes(RuntimeModule module)
   at System.Reflection.RuntimeAssembly.get_DefinedTypes()
   at System.Composition.Hosting.ContainerConfiguration.<>c.<WithAssemblies>b__16_0(Assembly a)
   at System.Linq.Enumerable.SelectManySingleSelectorIterator`2.MoveNext()
   at System.Composition.TypedParts.TypedPartExportDescriptorProvider..ctor(IEnumerable`1 types, AttributedModelProvider attributeContext)
   at System.Composition.Hosting.ContainerConfiguration.CreateContainer()
   at Microsoft.SqlTools.Extensibility.ExtensionStore..ctor(Type contractType, Func`2 configure)
   at Microsoft.SqlTools.Extensibility.ExtensionServiceProvider.EnsureExtensionStoreRegistered[T]()
   at Microsoft.SqlTools.Extensibility.ExtensionServiceProvider.GetServicesImpl[T]()
   at Microsoft.SqlTools.Extensibility.ServiceProviderBase.GetServices[T]()
   at Microsoft.SqlTools.ServiceLayer.HostLoader.InitializeHostedServices(RegisteredServiceProvider provider, IProtocolEndpoint host)
   at Microsoft.SqlTools.ServiceLayer.HostLoader.InitializeRequestHandlersAndServices(ServiceHost serviceHost, SqlToolsContext sqlToolsContext)
   at Microsoft.SqlTools.ServiceLayer.HostLoader.CreateAndStartServiceHost(SqlToolsContext sqlToolsContext)
   at Microsoft.SqlTools.ServiceLayer.Program.Main(String[] args)
System.IO.FileLoadException: 
File name: 'System.ComponentModel, Version=4.0.3.0, Culture=neutral, PublicKeyToken=b03f5f7f11d50a3a'


System.IO.FileLoadException: 
File name: 'System.ComponentModel, Version=4.0.3.0, Culture=neutral, PublicKeyToken=b03f5f7f11d50a3a'


System.IO.FileLoadException: 
File name: 'System.ComponentModel, Version=4.0.3.0, Culture=neutral, PublicKeyToken=b03f5f7f11d50a3a'


System.IO.FileLoadException: 
File name: 'System.ComponentModel, Version=4.0.3.0, Culture=neutral, PublicKeyToken=b03f5f7f11d50a3a'


System.IO.FileLoadException: 
File name: 'System.ComponentModel, Version=4.0.3.0, Culture=neutral, PublicKeyToken=b03f5f7f11d50a3a'


System.IO.FileLoadException: 
File name: 'System.ComponentModel, Version=4.0.3.0, Culture=neutral, PublicKeyToken=b03f5f7f11d50a3a'


System.IO.FileLoadException: 
File name: 'System.ComponentModel, Version=4.0.3.0, Culture=neutral, PublicKeyToken=b03f5f7f11d50a3a'


System.IO.FileLoadException: 
File name: 'System.ComponentModel, Version=4.0.3.0, Culture=neutral, PublicKeyToken=b03f5f7f11d50a3a'


System.IO.FileLoadException: 
File name: 'System.ComponentModel, Version=4.0.3.0, Culture=neutral, PublicKeyToken=b03f5f7f11d50a3a'


System.IO.FileLoadException: 
File name: 'System.ComponentModel, Version=4.0.3.0, Culture=neutral, PublicKeyToken=b03f5f7f11d50a3a'


System.IO.FileLoadException: 
File name: 'System.ComponentModel, Version=4.0.3.0, Culture=neutral, PublicKeyToken=b03f5f7f11d50a3a'


System.IO.FileLoadException: 
File name: 'System.ComponentModel, Version=4.0.3.0, Culture=neutral, PublicKeyToken=b03f5f7f11d50a3a'


System.IO.FileLoadException: 
File name: 'System.ComponentModel, Version=4.0.3.0, Culture=neutral, PublicKeyToken=b03f5f7f11d50a3a'


